Build started 2015-01-15 오전 3:52:40.
     1>Project "E:\OpenSource\HelpDesk365\HelpDesk365\tightvnc-2.7.10\thread\thread.vcxproj" on node 2 (Build target(s)).
     1>ClCompile:
         C:\Program Files (x86)\Microsoft Visual Studio 11.0\VC\bin\CL.exe /c /I.. /ZI /nologo /W3 /WX- /Od /Oy- /D WIN32 /D _DEBUG /D _LIB /D _UNICODE /D UNICODE /Gm /EHsc /RTC1 /MTd /GS /fp:precise /Zc:wchar_t /Zc:forScope /Fo"E:\OpenSource\HelpDesk365\HelpDesk365\Debug\thread\\" /Fd"E:\OpenSource\HelpDesk365\HelpDesk365\Debug\thread\vc110.pdb" /Gd /TP /analyze- /FC /errorReport:prompt AutoLock.cpp DesktopSelector.cpp GlobalMutex.cpp GuiThread.cpp LocalMutex.cpp Thread.cpp ThreadCollector.cpp ZombieKiller.cpp
         ZombieKiller.cpp
         ThreadCollector.cpp
         Thread.cpp
         LocalMutex.cpp
         GuiThread.cpp
         GlobalMutex.cpp
         DesktopSelector.cpp
         AutoLock.cpp
         Generating Code...
       Lib:
         C:\Program Files (x86)\Microsoft Visual Studio 11.0\VC\bin\Lib.exe /OUT:"E:\OpenSource\HelpDesk365\HelpDesk365\Debug\thread.lib" /NOLOGO E:\OpenSource\HelpDesk365\HelpDesk365\Debug\thread\AutoLock.obj
         E:\OpenSource\HelpDesk365\HelpDesk365\Debug\thread\DesktopSelector.obj
         E:\OpenSource\HelpDesk365\HelpDesk365\Debug\thread\GlobalMutex.obj
         E:\OpenSource\HelpDesk365\HelpDesk365\Debug\thread\GuiThread.obj
         E:\OpenSource\HelpDesk365\HelpDesk365\Debug\thread\LocalMutex.obj
         E:\OpenSource\HelpDesk365\HelpDesk365\Debug\thread\Thread.obj
         E:\OpenSource\HelpDesk365\HelpDesk365\Debug\thread\ThreadCollector.obj
         E:\OpenSource\HelpDesk365\HelpDesk365\Debug\thread\ZombieKiller.obj
         thread.vcxproj -> E:\OpenSource\HelpDesk365\HelpDesk365\Debug\thread.lib
     1>Done Building Project "E:\OpenSource\HelpDesk365\HelpDesk365\tightvnc-2.7.10\thread\thread.vcxproj" (Build target(s)).

Build succeeded.

Time Elapsed 00:00:09.94
