Build started 2015-01-14 오후 6:02:28.
     1>Project "C:\Users\Administrator\Downloads\tightvnc-2.7.10-src\tightvnc-2.7.10\desktop\desktop.vcxproj" on node 4 (Build target(s)).
     1>ClCompile:
         C:\Program Files (x86)\Microsoft Visual Studio 11.0\VC\bin\x86_amd64\CL.exe /c /I.. /Zi /nologo /W3 /WX- /Od /D WIN32 /D _DEBUG /D _LIB /D _UNICODE /D UNICODE /Gm /EHsc /RTC1 /MTd /GS /fp:precise /Zc:wchar_t /Zc:forScope /Fo"C:\Users\Administrator\Downloads\tightvnc-2.7.10-src\tightvnc-2.7.10\x64\Debug\desktop\\" /Fd"C:\Users\Administrator\Downloads\tightvnc-2.7.10-src\tightvnc-2.7.10\x64\Debug\desktop\vc110.pdb" /Gd /TP /errorReport:prompt DesktopServerWatcher.cpp
         DesktopServerWatcher.cpp
       Lib:
         C:\Program Files (x86)\Microsoft Visual Studio 11.0\VC\bin\x86_amd64\Lib.exe /OUT:"C:\Users\Administrator\Downloads\tightvnc-2.7.10-src\tightvnc-2.7.10\x64\Debug\desktop.lib" dxgi.lib d3d11.lib /NOLOGO /MACHINE:X64 "C:\Users\Administrator\Downloads\tightvnc-2.7.10-src\tightvnc-2.7.10\x64\Debug\desktop\ApplicationDesktopFactory.obj"
         "C:\Users\Administrator\Downloads\tightvnc-2.7.10-src\tightvnc-2.7.10\x64\Debug\desktop\ClipboardListener.obj"
         "C:\Users\Administrator\Downloads\tightvnc-2.7.10-src\tightvnc-2.7.10\x64\Debug\desktop\ConsolePoller.obj"
         "C:\Users\Administrator\Downloads\tightvnc-2.7.10-src\tightvnc-2.7.10\x64\Debug\desktop\CopyRectDetector.obj"
         "C:\Users\Administrator\Downloads\tightvnc-2.7.10-src\tightvnc-2.7.10\x64\Debug\desktop\DesktopBaseImpl.obj"
         "C:\Users\Administrator\Downloads\tightvnc-2.7.10-src\tightvnc-2.7.10\x64\Debug\desktop\DesktopClientImpl.obj"
         "C:\Users\Administrator\Downloads\tightvnc-2.7.10-src\tightvnc-2.7.10\x64\Debug\desktop\DesktopConfigLocal.obj"
         "C:\Users\Administrator\Downloads\tightvnc-2.7.10-src\tightvnc-2.7.10\x64\Debug\desktop\DesktopServerWatcher.obj"
         "C:\Users\Administrator\Downloads\tightvnc-2.7.10-src\tightvnc-2.7.10\x64\Debug\desktop\DesktopWinImpl.obj"
         "C:\Users\Administrator\Downloads\tightvnc-2.7.10-src\tightvnc-2.7.10\x64\Debug\desktop\Win8CursorShape.obj"
         "C:\Users\Administrator\Downloads\tightvnc-2.7.10-src\tightvnc-2.7.10\x64\Debug\desktop\Win8DeskDuplicationThread.obj"
         "C:\Users\Administrator\Downloads\tightvnc-2.7.10-src\tightvnc-2.7.10\x64\Debug\desktop\WinCursorShapeUtils.obj"
         "C:\Users\Administrator\Downloads\tightvnc-2.7.10-src\tightvnc-2.7.10\x64\Debug\desktop\WinDxCriticalException.obj"
         "C:\Users\Administrator\Downloads\tightvnc-2.7.10-src\tightvnc-2.7.10\x64\Debug\desktop\WinDxException.obj"
         "C:\Users\Administrator\Downloads\tightvnc-2.7.10-src\tightvnc-2.7.10\x64\Debug\desktop\WinDxgiAcquiredFrame.obj"
         "C:\Users\Administrator\Downloads\tightvnc-2.7.10-src\tightvnc-2.7.10\x64\Debug\desktop\WinDxgiOutput.obj"
         "C:\Users\Administrator\Downloads\tightvnc-2.7.10-src\tightvnc-2.7.10\x64\Debug\desktop\WinDxgiOutput1.obj"
         "C:\Users\Administrator\Downloads\tightvnc-2.7.10-src\tightvnc-2.7.10\x64\Debug\desktop\WinDxgiOutputDuplication.obj"
         "C:\Users\Administrator\Downloads\tightvnc-2.7.10-src\tightvnc-2.7.10\x64\Debug\desktop\WinDxRecoverableException.obj"
         "C:\Users\Administrator\Downloads\tightvnc-2.7.10-src\tightvnc-2.7.10\x64\Debug\desktop\GrabOptimizator.obj"
         "C:\Users\Administrator\Downloads\tightvnc-2.7.10-src\tightvnc-2.7.10\x64\Debug\desktop\HookInstaller.obj"
         "C:\Users\Administrator\Downloads\tightvnc-2.7.10-src\tightvnc-2.7.10\x64\Debug\desktop\HooksUpdateDetector.obj"
         "C:\Users\Administrator\Downloads\tightvnc-2.7.10-src\tightvnc-2.7.10\x64\Debug\desktop\HookUpdateTimer.obj"
         "C:\Users\Administrator\Downloads\tightvnc-2.7.10-src\tightvnc-2.7.10\x64\Debug\desktop\InputBlocker.obj"
         "C:\Users\Administrator\Downloads\tightvnc-2.7.10-src\tightvnc-2.7.10\x64\Debug\desktop\MirrorDriverClient.obj"
         "C:\Users\Administrator\Downloads\tightvnc-2.7.10-src\tightvnc-2.7.10\x64\Debug\desktop\MirrorScreenDriver.obj"
         "C:\Users\Administrator\Downloads\tightvnc-2.7.10-src\tightvnc-2.7.10\x64\Debug\desktop\CursorPositionDetector.obj"
         "C:\Users\Administrator\Downloads\tightvnc-2.7.10-src\tightvnc-2.7.10\x64\Debug\desktop\CursorShapeGrabber.obj"
         "C:\Users\Administrator\Downloads\tightvnc-2.7.10-src\tightvnc-2.7.10\x64\Debug\desktop\CursorShapeDetector.obj"
         "C:\Users\Administrator\Downloads\tightvnc-2.7.10-src\tightvnc-2.7.10\x64\Debug\desktop\Poller.obj"
         "C:\Users\Administrator\Downloads\tightvnc-2.7.10-src\tightvnc-2.7.10\x64\Debug\desktop\SasUserInput.obj"
         "C:\Users\Administrator\Downloads\tightvnc-2.7.10-src\tightvnc-2.7.10\x64\Debug\desktop\ScreenGrabber.obj"
         "C:\Users\Administrator\Downloads\tightvnc-2.7.10-src\tightvnc-2.7.10\x64\Debug\desktop\UpdateContainer.obj"
         "C:\Users\Administrator\Downloads\tightvnc-2.7.10-src\tightvnc-2.7.10\x64\Debug\desktop\UpdateDetector.obj"
         "C:\Users\Administrator\Downloads\tightvnc-2.7.10-src\tightvnc-2.7.10\x64\Debug\desktop\UpdateFilter.obj"
         "C:\Users\Administrator\Downloads\tightvnc-2.7.10-src\tightvnc-2.7.10\x64\Debug\desktop\UpdateHandler.obj"
         "C:\Users\Administrator\Downloads\tightvnc-2.7.10-src\tightvnc-2.7.10\x64\Debug\desktop\UpdateHandlerImpl.obj"
         "C:\Users\Administrator\Downloads\tightvnc-2.7.10-src\tightvnc-2.7.10\x64\Debug\desktop\UpdateKeeper.obj"
         "C:\Users\Administrator\Downloads\tightvnc-2.7.10-src\tightvnc-2.7.10\x64\Debug\desktop\UpdateListener.obj"
         "C:\Users\Administrator\Downloads\tightvnc-2.7.10-src\tightvnc-2.7.10\x64\Debug\desktop\UpdateSendingListener.obj"
         "C:\Users\Administrator\Downloads\tightvnc-2.7.10-src\tightvnc-2.7.10\x64\Debug\desktop\UserInput.obj"
         "C:\Users\Administrator\Downloads\tightvnc-2.7.10-src\tightvnc-2.7.10\x64\Debug\desktop\WallpaperUtil.obj"
         "C:\Users\Administrator\Downloads\tightvnc-2.7.10-src\tightvnc-2.7.10\x64\Debug\desktop\Win32MirrorScreenDriver.obj"
         "C:\Users\Administrator\Downloads\tightvnc-2.7.10-src\tightvnc-2.7.10\x64\Debug\desktop\Win32ScreenDriver.obj"
         "C:\Users\Administrator\Downloads\tightvnc-2.7.10-src\tightvnc-2.7.10\x64\Debug\desktop\Win32ScreenDriverBaseImpl.obj"
         "C:\Users\Administrator\Downloads\tightvnc-2.7.10-src\tightvnc-2.7.10\x64\Debug\desktop\Win32ScreenDriverFactory.obj"
         "C:\Users\Administrator\Downloads\tightvnc-2.7.10-src\tightvnc-2.7.10\x64\Debug\desktop\Win8ScreenDriver.obj"
         "C:\Users\Administrator\Downloads\tightvnc-2.7.10-src\tightvnc-2.7.10\x64\Debug\desktop\Win8ScreenDriverImpl.obj"
         "C:\Users\Administrator\Downloads\tightvnc-2.7.10-src\tightvnc-2.7.10\x64\Debug\desktop\WinAutoMapDxgiSurface.obj"
         "C:\Users\Administrator\Downloads\tightvnc-2.7.10-src\tightvnc-2.7.10\x64\Debug\desktop\WinCustomD3D11Texture2D.obj"
         "C:\Users\Administrator\Downloads\tightvnc-2.7.10-src\tightvnc-2.7.10\x64\Debug\desktop\WindowsClipboard.obj"
         "C:\Users\Administrator\Downloads\tightvnc-2.7.10-src\tightvnc-2.7.10\x64\Debug\desktop\WindowsInputBlocker.obj"
         "C:\Users\Administrator\Downloads\tightvnc-2.7.10-src\tightvnc-2.7.10\x64\Debug\desktop\WindowsCursorShapeGrabber.obj"
         "C:\Users\Administrator\Downloads\tightvnc-2.7.10-src\tightvnc-2.7.10\x64\Debug\desktop\WindowsScreenGrabber.obj"
         "C:\Users\Administrator\Downloads\tightvnc-2.7.10-src\tightvnc-2.7.10\x64\Debug\desktop\WindowsUserInput.obj"
         "C:\Users\Administrator\Downloads\tightvnc-2.7.10-src\tightvnc-2.7.10\x64\Debug\desktop\WinD3D11Device.obj"
         "C:\Users\Administrator\Downloads\tightvnc-2.7.10-src\tightvnc-2.7.10\x64\Debug\desktop\WinDxgiAdapter.obj"
         "C:\Users\Administrator\Downloads\tightvnc-2.7.10-src\tightvnc-2.7.10\x64\Debug\desktop\WinDxgiDevice.obj"
         "C:\Users\Administrator\Downloads\tightvnc-2.7.10-src\tightvnc-2.7.10\x64\Debug\desktop\WinDxgiSurface.obj"
         "C:\Users\Administrator\Downloads\tightvnc-2.7.10-src\tightvnc-2.7.10\x64\Debug\desktop\WinD3D11Texture2D.obj"
         "C:\Users\Administrator\Downloads\tightvnc-2.7.10-src\tightvnc-2.7.10\x64\Debug\desktop\WinServiceDesktopFactory.obj"
         "C:\Users\Administrator\Downloads\tightvnc-2.7.10-src\tightvnc-2.7.10\x64\Debug\desktop\WinVideoRegionFounderImpl.obj"
     1>d3d11.lib(d3d11.dll) : warning LNK4006: __NULL_IMPORT_DESCRIPTOR already defined in dxgi.lib(dxgi.dll); second definition ignored
     1>d3d11.lib(d3d11.dll) : warning LNK4221: This object file does not define any previously undefined public symbols, so it will not be used by any link operation that consumes this library
         desktop.vcxproj -> C:\Users\Administrator\Downloads\tightvnc-2.7.10-src\tightvnc-2.7.10\x64\Debug\desktop.lib
     1>Done Building Project "C:\Users\Administrator\Downloads\tightvnc-2.7.10-src\tightvnc-2.7.10\desktop\desktop.vcxproj" (Build target(s)).

Build succeeded.

Time Elapsed 00:00:01.88
