Build started 2015-01-15 오전 3:52:50.
     1>Project "E:\OpenSource\HelpDesk365\HelpDesk365\tightvnc-2.7.10\http-server-lib\http-server-lib.vcxproj" on node 5 (Build target(s)).
     1>ClCompile:
         C:\Program Files (x86)\Microsoft Visual Studio 11.0\VC\bin\CL.exe /c /I. /I.. /ZI /nologo /W3 /WX- /Od /Oy- /D WIN32 /D _DEBUG /D _LIB /D _UNICODE /D UNICODE /Gm /EHsc /RTC1 /MTd /GS /fp:precise /Zc:wchar_t /Zc:forScope /Fo"E:\OpenSource\HelpDesk365\HelpDesk365\Debug\http-server-lib\\" /Fd"E:\OpenSource\HelpDesk365\HelpDesk365\Debug\http-server-lib\vc110.pdb" /Gd /TP /analyze- /errorReport:prompt AppletParameter.cpp ArgList.cpp HttpClient.cpp HttpReply.cpp HttpRequest.cpp HttpRequestHandler.cpp HttpServer.cpp
         HttpServer.cpp
         HttpRequestHandler.cpp
         HttpRequest.cpp
     1>e:\opensource\helpdesk365\helpdesk365\tightvnc-2.7.10\http-server-lib\httprequest.cpp(97): warning C4996: 'sscanf': This function or variable may be unsafe. Consider using sscanf_s instead. To disable deprecation, use _CRT_SECURE_NO_WARNINGS. See online help for details.
                 c:\program files (x86)\microsoft visual studio 11.0\vc\include\stdio.h(311) : see declaration of 'sscanf'
         HttpReply.cpp
         HttpClient.cpp
         ArgList.cpp
         AppletParameter.cpp
         Generating Code...
       Lib:
         C:\Program Files (x86)\Microsoft Visual Studio 11.0\VC\bin\Lib.exe /OUT:"E:\OpenSource\HelpDesk365\HelpDesk365\Debug\http-server-lib.lib" /NOLOGO "E:\OpenSource\HelpDesk365\HelpDesk365\Debug\http-server-lib\AppletParameter.obj"
         "E:\OpenSource\HelpDesk365\HelpDesk365\Debug\http-server-lib\ArgList.obj"
         "E:\OpenSource\HelpDesk365\HelpDesk365\Debug\http-server-lib\HttpClient.obj"
         "E:\OpenSource\HelpDesk365\HelpDesk365\Debug\http-server-lib\HttpReply.obj"
         "E:\OpenSource\HelpDesk365\HelpDesk365\Debug\http-server-lib\HttpRequest.obj"
         "E:\OpenSource\HelpDesk365\HelpDesk365\Debug\http-server-lib\HttpRequestHandler.obj"
         "E:\OpenSource\HelpDesk365\HelpDesk365\Debug\http-server-lib\HttpServer.obj"
         http-server-lib.vcxproj -> E:\OpenSource\HelpDesk365\HelpDesk365\Debug\http-server-lib.lib
     1>Done Building Project "E:\OpenSource\HelpDesk365\HelpDesk365\tightvnc-2.7.10\http-server-lib\http-server-lib.vcxproj" (Build target(s)).

Build succeeded.

Time Elapsed 00:00:10.81
