Build started 2015-01-16 오후 4:55:25.
     1>Project "E:\OpenSource\HelpDesk365\HelpDesk365\tightvnc-2.7.10\tvnviewer\tvnviewer.vcxproj" on node 2 (Build target(s)).
     1>Link:
         C:\Program Files (x86)\Microsoft Visual Studio 11.0\VC\bin\link.exe /ERRORREPORT:PROMPT /OUT:"E:\OpenSource\HelpDesk365\HelpDesk365\Debug\tvnviewer.exe" /NOLOGO comctl32.lib "E:\OpenSource\HelpDesk365\HelpDesk365\\tightvnc-2.7.10\libjpeg-turbo\jpeg-static.lib" kernel32.lib user32.lib gdi32.lib winspool.lib comdlg32.lib advapi32.lib shell32.lib ole32.lib oleaut32.lib uuid.lib odbc32.lib odbccp32.lib /MANIFEST /MANIFESTDEPENDENCY:"type='win32' name='Microsoft.Windows.Common-Controls' version='6.0.0.0' processorArchitecture='X86' publicKeyToken='6595b64144ccf1df' language='*'" /MANIFESTUAC:"level='asInvoker' uiAccess='false'" /manifest:embed /DEBUG /PDB:"E:\OpenSource\HelpDesk365\HelpDesk365\Debug\tvnviewer.pdb" /TLBID:1 /DYNAMICBASE /NXCOMPAT /IMPLIB:"E:\OpenSource\HelpDesk365\HelpDesk365\Debug\tvnviewer.lib" /MACHINE:X86 /SAFESEH E:\OpenSource\HelpDesk365\HelpDesk365\Debug\tvnviewer\tvnviewer.res
         E:\OpenSource\HelpDesk365\HelpDesk365\Debug\tvnviewer\AboutDialog.obj
         E:\OpenSource\HelpDesk365\HelpDesk365\Debug\tvnviewer\AuthenticationDialog.obj
         E:\OpenSource\HelpDesk365\HelpDesk365\Debug\tvnviewer\BuildTime.obj
         E:\OpenSource\HelpDesk365\HelpDesk365\Debug\tvnviewer\ConfigurationDialog.obj
         E:\OpenSource\HelpDesk365\HelpDesk365\Debug\tvnviewer\ConnectionData.obj
         E:\OpenSource\HelpDesk365\HelpDesk365\Debug\tvnviewer\ConnectionListener.obj
         E:\OpenSource\HelpDesk365\HelpDesk365\Debug\tvnviewer\ControlTrayIcon.obj
         E:\OpenSource\HelpDesk365\HelpDesk365\Debug\tvnviewer\DesktopWindow.obj
         E:\OpenSource\HelpDesk365\HelpDesk365\Debug\tvnviewer\FileExistDialog.obj
         E:\OpenSource\HelpDesk365\HelpDesk365\Debug\tvnviewer\FileInfoListView.obj
         E:\OpenSource\HelpDesk365\HelpDesk365\Debug\tvnviewer\FileRenameDialog.obj
         E:\OpenSource\HelpDesk365\HelpDesk365\Debug\tvnviewer\FileTransferMainDialog.obj
         E:\OpenSource\HelpDesk365\HelpDesk365\Debug\tvnviewer\FsWarningDialog.obj
         E:\OpenSource\HelpDesk365\HelpDesk365\Debug\tvnviewer\HelpDialog.obj
         E:\OpenSource\HelpDesk365\HelpDesk365\Debug\tvnviewer\LoginDialog.obj
         E:\OpenSource\HelpDesk365\HelpDesk365\Debug\tvnviewer\main.obj
         E:\OpenSource\HelpDesk365\HelpDesk365\Debug\tvnviewer\NamingDefs.obj
         E:\OpenSource\HelpDesk365\HelpDesk365\Debug\tvnviewer\NewFolderDialog.obj
         E:\OpenSource\HelpDesk365\HelpDesk365\Debug\tvnviewer\OptionsDialog.obj
         E:\OpenSource\HelpDesk365\HelpDesk365\Debug\tvnviewer\ResourceStrings.obj
         E:\OpenSource\HelpDesk365\HelpDesk365\Debug\tvnviewer\ScaleManager.obj
         E:\OpenSource\HelpDesk365\HelpDesk365\Debug\tvnviewer\TvnViewer.obj
         E:\OpenSource\HelpDesk365\HelpDesk365\Debug\tvnviewer\ViewerCmdLine.obj
         E:\OpenSource\HelpDesk365\HelpDesk365\Debug\tvnviewer\ViewerCollector.obj
         E:\OpenSource\HelpDesk365\HelpDesk365\Debug\tvnviewer\ViewerInstance.obj
         E:\OpenSource\HelpDesk365\HelpDesk365\Debug\tvnviewer\ViewerMenu.obj
         E:\OpenSource\HelpDesk365\HelpDesk365\Debug\tvnviewer\ViewerVncAuthHandler.obj
         E:\OpenSource\HelpDesk365\HelpDesk365\Debug\tvnviewer\ViewerWindow.obj
         "E:\OpenSource\HelpDesk365\HelpDesk365\Debug\client-config-lib.lib"
         "E:\OpenSource\HelpDesk365\HelpDesk365\Debug\config-lib.lib"
         "E:\OpenSource\HelpDesk365\HelpDesk365\Debug\file-lib.lib"
         "E:\OpenSource\HelpDesk365\HelpDesk365\Debug\ft-client-lib.lib"
         "E:\OpenSource\HelpDesk365\HelpDesk365\Debug\ft-common.lib"
         E:\OpenSource\HelpDesk365\HelpDesk365\Debug\gui.lib
         "E:\OpenSource\HelpDesk365\HelpDesk365\Debug\io-lib.lib"
         "E:\OpenSource\HelpDesk365\HelpDesk365\Debug\log-writer.lib"
         E:\OpenSource\HelpDesk365\HelpDesk365\Debug\network.lib
         E:\OpenSource\HelpDesk365\HelpDesk365\Debug\region.lib
         E:\OpenSource\HelpDesk365\HelpDesk365\Debug\rfb.lib
         E:\OpenSource\HelpDesk365\HelpDesk365\Debug\thread.lib
         E:\OpenSource\HelpDesk365\HelpDesk365\Debug\util.lib
         "E:\OpenSource\HelpDesk365\HelpDesk365\Debug\viewer-core.lib"
         "E:\OpenSource\HelpDesk365\HelpDesk365\Debug\win-system.lib"
         E:\OpenSource\HelpDesk365\HelpDesk365\Debug\zlib.lib
         LINK : E:\OpenSource\HelpDesk365\HelpDesk365\Debug\tvnviewer.exe not found or not built by the last incremental link; performing full link
     1>AboutDialog.obj : warning LNK4075: ignoring '/EDITANDCONTINUE' due to '/SAFESEH' specification
     1>libcpmtd.lib(xdebug.obj) : warning LNK4098: defaultlib 'libcmt.lib' conflicts with use of other libs; use /NODEFAULTLIB:library
         tvnviewer.vcxproj -> E:\OpenSource\HelpDesk365\HelpDesk365\Debug\tvnviewer.exe
     1>Done Building Project "E:\OpenSource\HelpDesk365\HelpDesk365\tightvnc-2.7.10\tvnviewer\tvnviewer.vcxproj" (Build target(s)).

Build succeeded.

Time Elapsed 00:00:08.46
