Build started 2015-01-15 오전 3:53:01.
     1>Project "E:\OpenSource\HelpDesk365\HelpDesk365\tightvnc-2.7.10\fb-update-sender\fb-update-sender.vcxproj" on node 3 (Build target(s)).
     1>ClCompile:
         C:\Program Files (x86)\Microsoft Visual Studio 11.0\VC\bin\CL.exe /c /I.. /ZI /nologo /W3 /WX- /Od /Oy- /D WIN32 /D _DEBUG /D _LIB /D _UNICODE /D UNICODE /Gm /EHsc /RTC1 /MTd /GS /fp:precise /Zc:wchar_t /Zc:forScope /Fo"E:\OpenSource\HelpDesk365\HelpDesk365\Debug\fb-update-sender\\" /Fd"E:\OpenSource\HelpDesk365\HelpDesk365\Debug\fb-update-sender\vc110.pdb" /Gd /TP /analyze- /errorReport:prompt CursorUpdates.cpp UpdateSender.cpp UpdSenderMsgDefs.cpp ViewPort.cpp ViewPortState.cpp
         ViewPortState.cpp
         ViewPort.cpp
         UpdSenderMsgDefs.cpp
         UpdateSender.cpp
         CursorUpdates.cpp
         Generating Code...
       Lib:
         C:\Program Files (x86)\Microsoft Visual Studio 11.0\VC\bin\Lib.exe /OUT:"E:\OpenSource\HelpDesk365\HelpDesk365\Debug\fb-update-sender.lib" /NOLOGO "E:\OpenSource\HelpDesk365\HelpDesk365\Debug\fb-update-sender\CursorUpdates.obj"
         "E:\OpenSource\HelpDesk365\HelpDesk365\Debug\fb-update-sender\UpdateSender.obj"
         "E:\OpenSource\HelpDesk365\HelpDesk365\Debug\fb-update-sender\UpdSenderMsgDefs.obj"
         "E:\OpenSource\HelpDesk365\HelpDesk365\Debug\fb-update-sender\ViewPort.obj"
         "E:\OpenSource\HelpDesk365\HelpDesk365\Debug\fb-update-sender\ViewPortState.obj"
         fb-update-sender.vcxproj -> E:\OpenSource\HelpDesk365\HelpDesk365\Debug\fb-update-sender.lib
     1>Done Building Project "E:\OpenSource\HelpDesk365\HelpDesk365\tightvnc-2.7.10\fb-update-sender\fb-update-sender.vcxproj" (Build target(s)).

Build succeeded.

Time Elapsed 00:00:06.01
