Build started 2015-01-15 오전 3:52:47.
     1>Project "E:\OpenSource\HelpDesk365\HelpDesk365\tightvnc-2.7.10\io-lib\io-lib.vcxproj" on node 3 (Build target(s)).
     1>ClCompile:
         C:\Program Files (x86)\Microsoft Visual Studio 11.0\VC\bin\CL.exe /c /I. /I.. /ZI /nologo /W3 /WX- /Od /Oy- /D WIN32 /D _DEBUG /D _LIB /D _UNICODE /D UNICODE /Gm /EHsc /RTC1 /MTd /GS /fp:precise /Zc:wchar_t /Zc:forScope /Fo"E:\OpenSource\HelpDesk365\HelpDesk365\Debug\io-lib\\" /Fd"E:\OpenSource\HelpDesk365\HelpDesk365\Debug\io-lib\vc110.pdb" /Gd /TP /analyze- /errorReport:prompt BufferedOutputStream.cpp ByteArrayInputStream.cpp ByteArrayOutputStream.cpp Channel.cpp DataInputStream.cpp DataOutputStream.cpp InputStream.cpp IOException.cpp OutputStream.cpp
         OutputStream.cpp
         IOException.cpp
         InputStream.cpp
         DataOutputStream.cpp
         DataInputStream.cpp
         Channel.cpp
         ByteArrayOutputStream.cpp
         ByteArrayInputStream.cpp
         BufferedOutputStream.cpp
         Generating Code...
       Lib:
         C:\Program Files (x86)\Microsoft Visual Studio 11.0\VC\bin\Lib.exe /OUT:"E:\OpenSource\HelpDesk365\HelpDesk365\Debug\io-lib.lib" /NOLOGO "E:\OpenSource\HelpDesk365\HelpDesk365\Debug\io-lib\BufferedOutputStream.obj"
         "E:\OpenSource\HelpDesk365\HelpDesk365\Debug\io-lib\ByteArrayInputStream.obj"
         "E:\OpenSource\HelpDesk365\HelpDesk365\Debug\io-lib\ByteArrayOutputStream.obj"
         "E:\OpenSource\HelpDesk365\HelpDesk365\Debug\io-lib\Channel.obj"
         "E:\OpenSource\HelpDesk365\HelpDesk365\Debug\io-lib\DataInputStream.obj"
         "E:\OpenSource\HelpDesk365\HelpDesk365\Debug\io-lib\DataOutputStream.obj"
         "E:\OpenSource\HelpDesk365\HelpDesk365\Debug\io-lib\InputStream.obj"
         "E:\OpenSource\HelpDesk365\HelpDesk365\Debug\io-lib\IOException.obj"
         "E:\OpenSource\HelpDesk365\HelpDesk365\Debug\io-lib\OutputStream.obj"
         io-lib.vcxproj -> E:\OpenSource\HelpDesk365\HelpDesk365\Debug\io-lib.lib
     1>Done Building Project "E:\OpenSource\HelpDesk365\HelpDesk365\tightvnc-2.7.10\io-lib\io-lib.vcxproj" (Build target(s)).

Build succeeded.

Time Elapsed 00:00:11.44
