Build started 2015-01-15 오전 3:52:40.
     1>Project "E:\OpenSource\HelpDesk365\HelpDesk365\tightvnc-2.7.10\log-server\log-server.vcxproj" on node 5 (Build target(s)).
     1>ClCompile:
         C:\Program Files (x86)\Microsoft Visual Studio 11.0\VC\bin\CL.exe /c /I.. /ZI /nologo /W3 /WX- /Od /Oy- /D WIN32 /D _DEBUG /D _LIB /D _UNICODE /D UNICODE /Gm /EHsc /RTC1 /MTd /GS /fp:precise /Zc:wchar_t /Zc:forScope /Fo"E:\OpenSource\HelpDesk365\HelpDesk365\Debug\log-server\\" /Fd"E:\OpenSource\HelpDesk365\HelpDesk365\Debug\log-server\vc110.pdb" /Gd /TP /analyze- /errorReport:prompt ClientLogger.cpp ConnectionTimer.cpp ListenLogServer.cpp LogConn.cpp LogLevelSender.cpp LogServer.cpp SecurityPipeClient.cpp SecurityPipeServer.cpp
         SecurityPipeServer.cpp
         SecurityPipeClient.cpp
         LogServer.cpp
         LogLevelSender.cpp
         LogConn.cpp
         ListenLogServer.cpp
         ConnectionTimer.cpp
         ClientLogger.cpp
         Generating Code...
       Lib:
         C:\Program Files (x86)\Microsoft Visual Studio 11.0\VC\bin\Lib.exe /OUT:"E:\OpenSource\HelpDesk365\HelpDesk365\Debug\log-server.lib" /NOLOGO "E:\OpenSource\HelpDesk365\HelpDesk365\Debug\log-server\ClientLogger.obj"
         "E:\OpenSource\HelpDesk365\HelpDesk365\Debug\log-server\ConnectionTimer.obj"
         "E:\OpenSource\HelpDesk365\HelpDesk365\Debug\log-server\ListenLogServer.obj"
         "E:\OpenSource\HelpDesk365\HelpDesk365\Debug\log-server\LogConn.obj"
         "E:\OpenSource\HelpDesk365\HelpDesk365\Debug\log-server\LogLevelSender.obj"
         "E:\OpenSource\HelpDesk365\HelpDesk365\Debug\log-server\LogServer.obj"
         "E:\OpenSource\HelpDesk365\HelpDesk365\Debug\log-server\SecurityPipeClient.obj"
         "E:\OpenSource\HelpDesk365\HelpDesk365\Debug\log-server\SecurityPipeServer.obj"
         log-server.vcxproj -> E:\OpenSource\HelpDesk365\HelpDesk365\Debug\log-server.lib
     1>Done Building Project "E:\OpenSource\HelpDesk365\HelpDesk365\tightvnc-2.7.10\log-server\log-server.vcxproj" (Build target(s)).

Build succeeded.

Time Elapsed 00:00:20.43
