Build started 2015-01-14 오후 6:18:56.
     1>Project "C:\Users\Administrator\Downloads\tightvnc-2.7.10-src\tightvnc-2.7.10\tvnviewer\tvnviewer.vcxproj" on node 9 (Build target(s)).
     1>ClCompile:
         C:\Program Files (x86)\Microsoft Visual Studio 11.0\VC\bin\CL.exe /c /I.. /ZI /nologo /W3 /WX- /Od /Oy- /D WIN32 /D _DEBUG /D _UNICODE /D UNICODE /Gm /EHsc /RTC1 /MTd /GS /fp:precise /Zc:wchar_t /Zc:forScope /Fo"C:\Users\Administrator\Downloads\tightvnc-2.7.10-src\tightvnc-2.7.10\Debug\tvnviewer\\" /Fd"C:\Users\Administrator\Downloads\tightvnc-2.7.10-src\tightvnc-2.7.10\Debug\tvnviewer\vc110.pdb" /Gd /TP /analyze- /errorReport:prompt AboutDialog.cpp AuthenticationDialog.cpp BuildTime.cpp ConfigurationDialog.cpp ConnectionData.cpp ConnectionListener.cpp ControlTrayIcon.cpp DesktopWindow.cpp FileExistDialog.cpp FileInfoListView.cpp FileRenameDialog.cpp FileTransferMainDialog.cpp FsWarningDialog.cpp HelpDialog.cpp LoginDialog.cpp main.cpp NamingDefs.cpp NewFolderDialog.cpp OptionsDialog.cpp ResourceStrings.cpp ScaleManager.cpp TvnViewer.cpp ViewerCmdLine.cpp ViewerCollector.cpp ViewerInstance.cpp ViewerMenu.cpp ViewerVncAuthHandler.cpp ViewerWindow.cpp
         ViewerWindow.cpp
         ViewerVncAuthHandler.cpp
         ViewerMenu.cpp
         ViewerInstance.cpp
         ViewerCollector.cpp
         ViewerCmdLine.cpp
         TvnViewer.cpp
         ScaleManager.cpp
         ResourceStrings.cpp
         OptionsDialog.cpp
         NewFolderDialog.cpp
         NamingDefs.cpp
         main.cpp
         LoginDialog.cpp
         HelpDialog.cpp
         FsWarningDialog.cpp
         FileTransferMainDialog.cpp
         FileRenameDialog.cpp
         FileInfoListView.cpp
         FileExistDialog.cpp
         Generating Code...
         Compiling...
         DesktopWindow.cpp
         ControlTrayIcon.cpp
         ConnectionListener.cpp
         ConnectionData.cpp
         ConfigurationDialog.cpp
         BuildTime.cpp
         AuthenticationDialog.cpp
         AboutDialog.cpp
         Generating Code...
       ResourceCompile:
         C:\Program Files (x86)\Windows Kits\8.0\bin\x86\rc.exe /D _UNICODE /D UNICODE /l"0x0409" /nologo /fo"C:\Users\Administrator\Downloads\tightvnc-2.7.10-src\tightvnc-2.7.10\Debug\tvnviewer\tvnviewer.res" tvnviewer.rc 
       Link:
         C:\Program Files (x86)\Microsoft Visual Studio 11.0\VC\bin\link.exe /ERRORREPORT:PROMPT /OUT:"C:\Users\Administrator\Downloads\tightvnc-2.7.10-src\tightvnc-2.7.10\Debug\tvnviewer.exe" /NOLOGO comctl32.lib "C:\Users\Administrator\Downloads\tightvnc-2.7.10-src\tightvnc-2.7.10\libjpeg-turbo\jpeg-static.lib" kernel32.lib user32.lib gdi32.lib winspool.lib comdlg32.lib advapi32.lib shell32.lib ole32.lib oleaut32.lib uuid.lib odbc32.lib odbccp32.lib /MANIFEST /MANIFESTDEPENDENCY:"type='win32' name='Microsoft.Windows.Common-Controls' version='6.0.0.0' processorArchitecture='X86' publicKeyToken='6595b64144ccf1df' language='*'" /MANIFESTUAC:"level='asInvoker' uiAccess='false'" /manifest:embed /DEBUG /PDB:"C:\Users\Administrator\Downloads\tightvnc-2.7.10-src\tightvnc-2.7.10\Debug\tvnviewer.pdb" /TLBID:1 /DYNAMICBASE /NXCOMPAT /IMPLIB:"C:\Users\Administrator\Downloads\tightvnc-2.7.10-src\tightvnc-2.7.10\Debug\tvnviewer.lib" /MACHINE:X86 /SAFESEH "C:\Users\Administrator\Downloads\tightvnc-2.7.10-src\tightvnc-2.7.10\Debug\tvnviewer\tvnviewer.res"
         "C:\Users\Administrator\Downloads\tightvnc-2.7.10-src\tightvnc-2.7.10\Debug\tvnviewer\AboutDialog.obj"
         "C:\Users\Administrator\Downloads\tightvnc-2.7.10-src\tightvnc-2.7.10\Debug\tvnviewer\AuthenticationDialog.obj"
         "C:\Users\Administrator\Downloads\tightvnc-2.7.10-src\tightvnc-2.7.10\Debug\tvnviewer\BuildTime.obj"
         "C:\Users\Administrator\Downloads\tightvnc-2.7.10-src\tightvnc-2.7.10\Debug\tvnviewer\ConfigurationDialog.obj"
         "C:\Users\Administrator\Downloads\tightvnc-2.7.10-src\tightvnc-2.7.10\Debug\tvnviewer\ConnectionData.obj"
         "C:\Users\Administrator\Downloads\tightvnc-2.7.10-src\tightvnc-2.7.10\Debug\tvnviewer\ConnectionListener.obj"
         "C:\Users\Administrator\Downloads\tightvnc-2.7.10-src\tightvnc-2.7.10\Debug\tvnviewer\ControlTrayIcon.obj"
         "C:\Users\Administrator\Downloads\tightvnc-2.7.10-src\tightvnc-2.7.10\Debug\tvnviewer\DesktopWindow.obj"
         "C:\Users\Administrator\Downloads\tightvnc-2.7.10-src\tightvnc-2.7.10\Debug\tvnviewer\FileExistDialog.obj"
         "C:\Users\Administrator\Downloads\tightvnc-2.7.10-src\tightvnc-2.7.10\Debug\tvnviewer\FileInfoListView.obj"
         "C:\Users\Administrator\Downloads\tightvnc-2.7.10-src\tightvnc-2.7.10\Debug\tvnviewer\FileRenameDialog.obj"
         "C:\Users\Administrator\Downloads\tightvnc-2.7.10-src\tightvnc-2.7.10\Debug\tvnviewer\FileTransferMainDialog.obj"
         "C:\Users\Administrator\Downloads\tightvnc-2.7.10-src\tightvnc-2.7.10\Debug\tvnviewer\FsWarningDialog.obj"
         "C:\Users\Administrator\Downloads\tightvnc-2.7.10-src\tightvnc-2.7.10\Debug\tvnviewer\HelpDialog.obj"
         "C:\Users\Administrator\Downloads\tightvnc-2.7.10-src\tightvnc-2.7.10\Debug\tvnviewer\LoginDialog.obj"
         "C:\Users\Administrator\Downloads\tightvnc-2.7.10-src\tightvnc-2.7.10\Debug\tvnviewer\main.obj"
         "C:\Users\Administrator\Downloads\tightvnc-2.7.10-src\tightvnc-2.7.10\Debug\tvnviewer\NamingDefs.obj"
         "C:\Users\Administrator\Downloads\tightvnc-2.7.10-src\tightvnc-2.7.10\Debug\tvnviewer\NewFolderDialog.obj"
         "C:\Users\Administrator\Downloads\tightvnc-2.7.10-src\tightvnc-2.7.10\Debug\tvnviewer\OptionsDialog.obj"
         "C:\Users\Administrator\Downloads\tightvnc-2.7.10-src\tightvnc-2.7.10\Debug\tvnviewer\ResourceStrings.obj"
         "C:\Users\Administrator\Downloads\tightvnc-2.7.10-src\tightvnc-2.7.10\Debug\tvnviewer\ScaleManager.obj"
         "C:\Users\Administrator\Downloads\tightvnc-2.7.10-src\tightvnc-2.7.10\Debug\tvnviewer\TvnViewer.obj"
         "C:\Users\Administrator\Downloads\tightvnc-2.7.10-src\tightvnc-2.7.10\Debug\tvnviewer\ViewerCmdLine.obj"
         "C:\Users\Administrator\Downloads\tightvnc-2.7.10-src\tightvnc-2.7.10\Debug\tvnviewer\ViewerCollector.obj"
         "C:\Users\Administrator\Downloads\tightvnc-2.7.10-src\tightvnc-2.7.10\Debug\tvnviewer\ViewerInstance.obj"
         "C:\Users\Administrator\Downloads\tightvnc-2.7.10-src\tightvnc-2.7.10\Debug\tvnviewer\ViewerMenu.obj"
         "C:\Users\Administrator\Downloads\tightvnc-2.7.10-src\tightvnc-2.7.10\Debug\tvnviewer\ViewerVncAuthHandler.obj"
         "C:\Users\Administrator\Downloads\tightvnc-2.7.10-src\tightvnc-2.7.10\Debug\tvnviewer\ViewerWindow.obj"
         "C:\Users\Administrator\Downloads\tightvnc-2.7.10-src\tightvnc-2.7.10\Debug\client-config-lib.lib"
         "C:\Users\Administrator\Downloads\tightvnc-2.7.10-src\tightvnc-2.7.10\Debug\config-lib.lib"
         "C:\Users\Administrator\Downloads\tightvnc-2.7.10-src\tightvnc-2.7.10\Debug\file-lib.lib"
         "C:\Users\Administrator\Downloads\tightvnc-2.7.10-src\tightvnc-2.7.10\Debug\ft-client-lib.lib"
         "C:\Users\Administrator\Downloads\tightvnc-2.7.10-src\tightvnc-2.7.10\Debug\ft-common.lib"
         "C:\Users\Administrator\Downloads\tightvnc-2.7.10-src\tightvnc-2.7.10\Debug\gui.lib"
         "C:\Users\Administrator\Downloads\tightvnc-2.7.10-src\tightvnc-2.7.10\Debug\io-lib.lib"
         "C:\Users\Administrator\Downloads\tightvnc-2.7.10-src\tightvnc-2.7.10\Debug\log-writer.lib"
         "C:\Users\Administrator\Downloads\tightvnc-2.7.10-src\tightvnc-2.7.10\Debug\network.lib"
         "C:\Users\Administrator\Downloads\tightvnc-2.7.10-src\tightvnc-2.7.10\Debug\region.lib"
         "C:\Users\Administrator\Downloads\tightvnc-2.7.10-src\tightvnc-2.7.10\Debug\rfb.lib"
         "C:\Users\Administrator\Downloads\tightvnc-2.7.10-src\tightvnc-2.7.10\Debug\thread.lib"
         "C:\Users\Administrator\Downloads\tightvnc-2.7.10-src\tightvnc-2.7.10\Debug\util.lib"
         "C:\Users\Administrator\Downloads\tightvnc-2.7.10-src\tightvnc-2.7.10\Debug\viewer-core.lib"
         "C:\Users\Administrator\Downloads\tightvnc-2.7.10-src\tightvnc-2.7.10\Debug\win-system.lib"
         "C:\Users\Administrator\Downloads\tightvnc-2.7.10-src\tightvnc-2.7.10\Debug\zlib.lib"
     1>AboutDialog.obj : warning LNK4075: ignoring '/EDITANDCONTINUE' due to '/SAFESEH' specification
     1>libcpmtd.lib(xdebug.obj) : warning LNK4098: defaultlib 'libcmt.lib' conflicts with use of other libs; use /NODEFAULTLIB:library
         tvnviewer.vcxproj -> C:\Users\Administrator\Downloads\tightvnc-2.7.10-src\tightvnc-2.7.10\Debug\tvnviewer.exe
     1>Done Building Project "C:\Users\Administrator\Downloads\tightvnc-2.7.10-src\tightvnc-2.7.10\tvnviewer\tvnviewer.vcxproj" (Build target(s)).

Build succeeded.

Time Elapsed 00:00:39.86
