Build started 2015-01-14 오후 5:59:54.
     1>Project "C:\Users\Administrator\Downloads\tightvnc-2.7.10-src\tightvnc-2.7.10\thread\thread.vcxproj" on node 3 (Build target(s)).
     1>ClCompile:
         C:\Program Files (x86)\Microsoft Visual Studio 11.0\VC\bin\x86_amd64\CL.exe /c /I.. /Zi /nologo /W3 /WX- /Od /D WIN32 /D _DEBUG /D _LIB /D _UNICODE /D UNICODE /Gm /EHsc /RTC1 /MTd /GS /fp:precise /Zc:wchar_t /Zc:forScope /Fo"C:\Users\Administrator\Downloads\tightvnc-2.7.10-src\tightvnc-2.7.10\x64\Debug\thread\\" /Fd"C:\Users\Administrator\Downloads\tightvnc-2.7.10-src\tightvnc-2.7.10\x64\Debug\thread\vc110.pdb" /Gd /TP /FC /errorReport:prompt AutoLock.cpp DesktopSelector.cpp GlobalMutex.cpp GuiThread.cpp LocalMutex.cpp Thread.cpp ThreadCollector.cpp ZombieKiller.cpp
         ZombieKiller.cpp
         ThreadCollector.cpp
         Thread.cpp
         LocalMutex.cpp
         GuiThread.cpp
         GlobalMutex.cpp
         DesktopSelector.cpp
         AutoLock.cpp
         Generating Code...
       Lib:
         C:\Program Files (x86)\Microsoft Visual Studio 11.0\VC\bin\x86_amd64\Lib.exe /OUT:"C:\Users\Administrator\Downloads\tightvnc-2.7.10-src\tightvnc-2.7.10\x64\Debug\thread.lib" /NOLOGO /MACHINE:X64 "C:\Users\Administrator\Downloads\tightvnc-2.7.10-src\tightvnc-2.7.10\x64\Debug\thread\AutoLock.obj"
         "C:\Users\Administrator\Downloads\tightvnc-2.7.10-src\tightvnc-2.7.10\x64\Debug\thread\DesktopSelector.obj"
         "C:\Users\Administrator\Downloads\tightvnc-2.7.10-src\tightvnc-2.7.10\x64\Debug\thread\GlobalMutex.obj"
         "C:\Users\Administrator\Downloads\tightvnc-2.7.10-src\tightvnc-2.7.10\x64\Debug\thread\GuiThread.obj"
         "C:\Users\Administrator\Downloads\tightvnc-2.7.10-src\tightvnc-2.7.10\x64\Debug\thread\LocalMutex.obj"
         "C:\Users\Administrator\Downloads\tightvnc-2.7.10-src\tightvnc-2.7.10\x64\Debug\thread\Thread.obj"
         "C:\Users\Administrator\Downloads\tightvnc-2.7.10-src\tightvnc-2.7.10\x64\Debug\thread\ThreadCollector.obj"
         "C:\Users\Administrator\Downloads\tightvnc-2.7.10-src\tightvnc-2.7.10\x64\Debug\thread\ZombieKiller.obj"
         thread.vcxproj -> C:\Users\Administrator\Downloads\tightvnc-2.7.10-src\tightvnc-2.7.10\x64\Debug\thread.lib
     1>Done Building Project "C:\Users\Administrator\Downloads\tightvnc-2.7.10-src\tightvnc-2.7.10\thread\thread.vcxproj" (Build target(s)).

Build succeeded.

Time Elapsed 00:00:07.54
