Build started 2015-01-15 오전 3:52:40.
     1>Project "E:\OpenSource\HelpDesk365\HelpDesk365\tightvnc-2.7.10\ft-common\ft-common.vcxproj" on node 6 (Build target(s)).
     1>ClCompile:
         C:\Program Files (x86)\Microsoft Visual Studio 11.0\VC\bin\CL.exe /c /I. /I.. /ZI /nologo /W3 /WX- /Od /Oy- /D WIN32 /D _DEBUG /D _LIB /D _UNICODE /D UNICODE /Gm /EHsc /RTC1 /MTd /GS /fp:precise /Zc:wchar_t /Zc:forScope /Fo"E:\OpenSource\HelpDesk365\HelpDesk365\Debug\ft-common\\" /Fd"E:\OpenSource\HelpDesk365\HelpDesk365\Debug\ft-common\vc110.pdb" /Gd /TP /analyze- /errorReport:prompt FileInfo.cpp FileTransferException.cpp FolderListener.cpp FTMessage.cpp OperationNotSupportedException.cpp WinFilePath.cpp
         WinFilePath.cpp
         OperationNotSupportedException.cpp
         FTMessage.cpp
         FolderListener.cpp
         FileTransferException.cpp
         FileInfo.cpp
         Generating Code...
       Lib:
         C:\Program Files (x86)\Microsoft Visual Studio 11.0\VC\bin\Lib.exe /OUT:"E:\OpenSource\HelpDesk365\HelpDesk365\Debug\ft-common.lib" /NOLOGO "E:\OpenSource\HelpDesk365\HelpDesk365\Debug\ft-common\FileInfo.obj"
         "E:\OpenSource\HelpDesk365\HelpDesk365\Debug\ft-common\FileTransferException.obj"
         "E:\OpenSource\HelpDesk365\HelpDesk365\Debug\ft-common\FolderListener.obj"
         "E:\OpenSource\HelpDesk365\HelpDesk365\Debug\ft-common\FTMessage.obj"
         "E:\OpenSource\HelpDesk365\HelpDesk365\Debug\ft-common\OperationNotSupportedException.obj"
         "E:\OpenSource\HelpDesk365\HelpDesk365\Debug\ft-common\WinFilePath.obj"
         ft-common.vcxproj -> E:\OpenSource\HelpDesk365\HelpDesk365\Debug\ft-common.lib
     1>Done Building Project "E:\OpenSource\HelpDesk365\HelpDesk365\tightvnc-2.7.10\ft-common\ft-common.vcxproj" (Build target(s)).

Build succeeded.

Time Elapsed 00:00:07.20
